[INFO] Scanning for projects...
[INFO] 
[INFO] -----------------< com.hostelconnect:hostelconnect-gh >-----------------
[INFO] Building hostelconnect-gh 0.0.1-SNAPSHOT
[INFO]   from pom.xml
[INFO] --------------------------------[ jar ]---------------------------------
[INFO] 
[INFO] --- resources:3.3.1:resources (default-resources) @ hostelconnect-gh ---
[INFO] Copying 2 resources from src\main\resources to target\classes
[INFO] Copying 11 resources from src\main\resources to target\classes
[INFO] 
[INFO] --- compiler:3.13.0:compile (default-compile) @ hostelconnect-gh ---
[INFO] Recompiling the module because of changed source code.
[INFO] Compiling 93 source files with javac [debug parameters release 17] to target\classes
[INFO] /D:/HOSTEL_HIVE/src/main/java/com/hostelconnect/security/RateLimitFilter.java: D:\HOSTEL_HIVE\src\main\java\com\hostelconnect\security\RateLimitFilter.java uses or overrides a deprecated API.
[INFO] /D:/HOSTEL_HIVE/src/main/java/com/hostelconnect/security/RateLimitFilter.java: Recompile with -Xlint:deprecation for details.
[INFO] -------------------------------------------------------------
[ERROR] COMPILATION ERROR : 
[INFO] -------------------------------------------------------------
[ERROR] /D:/HOSTEL_HIVE/src/main/java/com/hostelconnect/service/ReviewService.java:[27,32] cannot find symbol
  symbol:   method existsByCustomerIdAndListingId(java.util.UUID,java.util.UUID)
  location: variable interestRepository of type com.hostelconnect.repository.InterestRepository
[INFO] 1 error
[INFO] -------------------------------------------------------------
[INFO] ------------------------------------------------------------------------
[INFO] BUILD FAILURE
[INFO] ------------------------------------------------------------------------
[INFO] Total time:  9.500 s
[INFO] Finished at: 2026-02-25T03:50:36Z
[INFO] ------------------------------------------------------------------------
[ERROR] Failed to execute goal org.apache.maven.plugins:maven-compiler-plugin:3.13.0:compile (default-compile) on project hostelconnect-gh: Compilation failure
[ERROR] /D:/HOSTEL_HIVE/src/main/java/com/hostelconnect/service/ReviewService.java:[27,32] cannot find symbol
[ERROR]   symbol:   method existsByCustomerIdAndListingId(java.util.UUID,java.util.UUID)
[ERROR]   location: variable interestRepository of type com.hostelconnect.repository.InterestRepository
[ERROR] -> [Help 1]
[ERROR] 
[ERROR] To see the full stack trace of the errors, re-run Maven with the -e switch.
[ERROR] Re-run Maven using the -X switch to enable full debug logging.
[ERROR] 
[ERROR] For more information about the errors and possible solutions, please read the following articles:
[ERROR] [Help 1] http://cwiki.apache.org/confluence/display/MAVEN/MojoFailureException
